# JRE version: OpenJDK Runtime Environment (11.0.15) (build 11.0.15+0-b2043.56-9505619)
# Java VM: OpenJDK 64-Bit Server VM (11.0.15+0-b2043.56-9505619, mixed mode, tiered, compressed oops, g1 gc, windows-amd64)
Heap:
 garbage-first heap   total 187392K, used 139928K [0x0000000080000000, 0x0000000100000000)
  region size 1024K, 24 young (24576K), 1 survivors (1024K)
 Metaspace       used 106194K, capacity 109267K, committed 109616K, reserved 1144832K
  class space    used 13412K, capacity 14604K, committed 14720K, reserved 1048576K
GC Heap History (20 events):
Event: 222.567 GC heap before
{Heap before GC invocations=82 (full 0):
 garbage-first heap   total 187392K, used 144693K [0x0000000080000000, 0x0000000100000000)
  region size 1024K, 9 young (9216K), 4 survivors (4096K)
 Metaspace       used 105741K, capacity 108878K, committed 108976K, reserved 1144832K
  class space    used 13380K, capacity 14544K, committed 14592K, reserved 1048576K
}
Event: 222.612 GC heap after
{Heap after GC invocations=83 (full 0):
 garbage-first heap   total 187392K, used 128859K [0x0000000080000000, 0x0000000100000000)
  region size 1024K, 1 young (1024K), 1 survivors (1024K)
 Metaspace       used 105741K, capacity 108878K, committed 108976K, reserved 1144832K
  class space    used 13380K, capacity 14544K, committed 14592K, reserved 1048576K
}
Event: 222.771 GC heap before
{Heap before GC invocations=83 (full 0):
 garbage-first heap   total 187392K, used 144219K [0x0000000080000000, 0x0000000100000000)
  region size 1024K, 17 young (17408K), 1 survivors (1024K)
 Metaspace       used 105747K, capacity 108878K, committed 108976K, reserved 1144832K
  class space    used 13380K, capacity 14544K, committed 14592K, reserved 1048576K
}
Event: 222.779 GC heap after
{Heap after GC invocations=84 (full 0):
 garbage-first heap   total 187392K, used 137659K [0x0000000080000000, 0x0000000100000000)
  region size 1024K, 3 young (3072K), 3 survivors (3072K)
 Metaspace       used 105747K, capacity 108878K, committed 108976K, reserved 1144832K
  class space    used 13380K, capacity 14544K, committed 14592K, reserved 1048576K
}
Event: 223.636 GC heap before
{Heap before GC invocations=85 (full 0):
 garbage-first heap   total 187392K, used 166331K [0x0000000080000000, 0x0000000100000000)
  region size 1024K, 15 young (15360K), 3 survivors (3072K)
 Metaspace       used 105845K, capacity 108963K, committed 109232K, reserved 1144832K
  class space    used 13395K, capacity 14572K, committed 14592K, reserved 1048576K
}
Event: 223.647 GC heap after
{Heap after GC invocations=86 (full 0):
 garbage-first heap   total 187392K, used 138718K [0x0000000080000000, 0x0000000100000000)
  region size 1024K, 1 young (1024K), 1 survivors (1024K)
 Metaspace       used 105845K, capacity 108963K, committed 109232K, reserved 1144832K
  class space    used 13395K, capacity 14572K, committed 14592K, reserved 1048576K
}
Event: 224.080 GC heap before
{Heap before GC invocations=86 (full 0):
 garbage-first heap   total 187392K, used 145886K [0x0000000080000000, 0x0000000100000000)
  region size 1024K, 9 young (9216K), 1 survivors (1024K)
 Metaspace       used 105900K, capacity 109058K, committed 109232K, reserved 1144832K
  class space    used 13400K, capacity 14581K, committed 14592K, reserved 1048576K
}
Event: 224.117 GC heap after
{Heap after GC invocations=87 (full 0):
 garbage-first heap   total 187392K, used 136425K [0x0000000080000000, 0x0000000100000000)
  region size 1024K, 2 young (2048K), 2 survivors (2048K)
 Metaspace       used 105900K, capacity 109058K, committed 109232K, reserved 1144832K
  class space    used 13400K, capacity 14581K, committed 14592K, reserved 1048576K
}
Event: 238.910 GC heap before
{Heap before GC invocations=87 (full 0):
 garbage-first heap   total 187392K, used 149737K [0x0000000080000000, 0x0000000100000000)
  region size 1024K, 16 young (16384K), 2 survivors (2048K)
 Metaspace       used 105927K, capacity 109060K, committed 109232K, reserved 1144832K
  class space    used 13400K, capacity 14581K, committed 14592K, reserved 1048576K
}
Event: 238.921 GC heap after
{Heap after GC invocations=88 (full 0):
 garbage-first heap   total 187392K, used 140201K [0x0000000080000000, 0x0000000100000000)
  region size 1024K, 2 young (2048K), 2 survivors (2048K)
 Metaspace       used 105927K, capacity 109060K, committed 109232K, reserved 1144832K
  class space    used 13400K, capacity 14581K, committed 14592K, reserved 1048576K
}
Event: 239.524 GC heap before
{Heap before GC invocations=89 (full 0):
 garbage-first heap   total 187392K, used 137129K [0x0000000080000000, 0x0000000100000000)
  region size 1024K, 15 young (15360K), 2 survivors (2048K)
 Metaspace       used 105937K, capacity 109061K, committed 109232K, reserved 1144832K
  class space    used 13400K, capacity 14581K, committed 14592K, reserved 1048576K
}
Event: 239.530 GC heap after
{Heap after GC invocations=90 (full 0):
 garbage-first heap   total 187392K, used 126911K [0x0000000080000000, 0x0000000100000000)
  region size 1024K, 2 young (2048K), 2 survivors (2048K)
 Metaspace       used 105937K, capacity 109061K, committed 109232K, reserved 1144832K
  class space    used 13400K, capacity 14581K, committed 14592K, reserved 1048576K
}
Event: 239.760 GC heap before
{Heap before GC invocations=90 (full 0):
 garbage-first heap   total 187392K, used 133055K [0x0000000080000000, 0x0000000100000000)
  region size 1024K, 9 young (9216K), 2 survivors (2048K)
 Metaspace       used 105938K, capacity 109061K, committed 109232K, reserved 1144832K
  class space    used 13400K, capacity 14581K, committed 14592K, reserved 1048576K
}
Event: 239.768 GC heap after
{Heap after GC invocations=91 (full 0):
 garbage-first heap   total 187392K, used 120125K [0x0000000080000000, 0x0000000100000000)
  region size 1024K, 2 young (2048K), 2 survivors (2048K)
 Metaspace       used 105938K, capacity 109061K, committed 109232K, reserved 1144832K
  class space    used 13400K, capacity 14581K, committed 14592K, reserved 1048576K
}
Event: 241.317 GC heap before
{Heap before GC invocations=91 (full 0):
 garbage-first heap   total 187392K, used 141629K [0x0000000080000000, 0x0000000100000000)
  region size 1024K, 24 young (24576K), 2 survivors (2048K)
 Metaspace       used 106043K, capacity 109194K, committed 109360K, reserved 1144832K
  class space    used 13411K, capacity 14603K, committed 14720K, reserved 1048576K
}
Event: 241.322 GC heap after
{Heap after GC invocations=92 (full 0):
 garbage-first heap   total 187392K, used 120702K [0x0000000080000000, 0x0000000100000000)
  region size 1024K, 3 young (3072K), 3 survivors (3072K)
 Metaspace       used 106043K, capacity 109194K, committed 109360K, reserved 1144832K
  class space    used 13411K, capacity 14603K, committed 14720K, reserved 1048576K
}
Event: 289.227 GC heap before
{Heap before GC invocations=93 (full 0):
 garbage-first heap   total 187392K, used 156542K [0x0000000080000000, 0x0000000100000000)
  region size 1024K, 27 young (27648K), 3 survivors (3072K)
 Metaspace       used 106111K, capacity 109267K, committed 109616K, reserved 1144832K
  class space    used 13412K, capacity 14604K, committed 14720K, reserved 1048576K
}
Event: 289.269 GC heap after
{Heap after GC invocations=94 (full 0):
 garbage-first heap   total 187392K, used 121078K [0x0000000080000000, 0x0000000100000000)
  region size 1024K, 3 young (3072K), 3 survivors (3072K)
 Metaspace       used 106111K, capacity 109267K, committed 109616K, reserved 1144832K
  class space    used 13412K, capacity 14604K, committed 14720K, reserved 1048576K
}
Event: 289.621 GC heap before
{Heap before GC invocations=94 (full 0):
 garbage-first heap   total 187392K, used 126198K [0x0000000080000000, 0x0000000100000000)
  region size 1024K, 9 young (9216K), 3 survivors (3072K)
 Metaspace       used 106111K, capacity 109267K, committed 109616K, reserved 1144832K
  class space    used 13412K, capacity 14604K, committed 14720K, reserved 1048576K
}
Event: 289.653 GC heap after
{Heap after GC invocations=95 (full 0):
 garbage-first heap   total 187392K, used 117400K [0x0000000080000000, 0x0000000100000000)
  region size 1024K, 1 young (1024K), 1 survivors (1024K)
 Metaspace       used 106111K, capacity 109267K, committed 109616K, reserved 1144832K
  class space    used 13412K, capacity 14604K, committed 14720K, reserved 1048576K
}

